  ConsoleApplication1.cpp
C:\Users\Pidoux\source\repos\ConsoleApplication1\ConsoleApplication1\ConsoleApplication1.cpp(12,17): warning C4311: 'cast de type' : troncation de pointeur de 'char *' à 'int'
C:\Users\Pidoux\source\repos\ConsoleApplication1\ConsoleApplication1\ConsoleApplication1.cpp(12,17): warning C4302: 'cast de type' : troncation de 'char *' à 'int'
C:\Users\Pidoux\source\repos\ConsoleApplication1\ConsoleApplication1\ConsoleApplication1.cpp(51,13): error C2360: l'initialisation de 'moyennevector' est ignorée par l'étiquette 'case'
  C:\Users\Pidoux\source\repos\ConsoleApplication1\ConsoleApplication1\ConsoleApplication1.cpp(45,30):
  voir la déclaration de 'moyennevector'
  
C:\Users\Pidoux\source\repos\ConsoleApplication1\ConsoleApplication1\ConsoleApplication1.cpp(51,13): error C2360: l'initialisation de 'exp' est ignorée par l'étiquette 'case'
  C:\Users\Pidoux\source\repos\ConsoleApplication1\ConsoleApplication1\ConsoleApplication1.cpp(42,17):
  voir la déclaration de 'exp'
  
C:\Users\Pidoux\source\repos\ConsoleApplication1\ConsoleApplication1\ConsoleApplication1.cpp(51,13): error C2360: l'initialisation de 'base' est ignorée par l'étiquette 'case'
  C:\Users\Pidoux\source\repos\ConsoleApplication1\ConsoleApplication1\ConsoleApplication1.cpp(41,20):
  voir la déclaration de 'base'
  
C:\Users\Pidoux\source\repos\ConsoleApplication1\ConsoleApplication1\ConsoleApplication1.cpp(51,13): error C2360: l'initialisation de 'premiers' est ignorée par l'étiquette 'case'
  C:\Users\Pidoux\source\repos\ConsoleApplication1\ConsoleApplication1\ConsoleApplication1.cpp(34,30):
  voir la déclaration de 'premiers'
  
C:\Users\Pidoux\source\repos\ConsoleApplication1\ConsoleApplication1\ConsoleApplication1.cpp(51,13): error C2360: l'initialisation de 'limite' est ignorée par l'étiquette 'case'
  C:\Users\Pidoux\source\repos\ConsoleApplication1\ConsoleApplication1\ConsoleApplication1.cpp(33,17):
  voir la déclaration de 'limite'
  
C:\Users\Pidoux\source\repos\ConsoleApplication1\ConsoleApplication1\ConsoleApplication1.cpp(51,13): error C2360: l'initialisation de 'valeursfact' est ignorée par l'étiquette 'case'
  C:\Users\Pidoux\source\repos\ConsoleApplication1\ConsoleApplication1\ConsoleApplication1.cpp(30,18):
  voir la déclaration de 'valeursfact'
  
C:\Users\Pidoux\source\repos\ConsoleApplication1\ConsoleApplication1\ConsoleApplication1.cpp(51,13): error C2360: l'initialisation de 'num' est ignorée par l'étiquette 'case'
  C:\Users\Pidoux\source\repos\ConsoleApplication1\ConsoleApplication1\ConsoleApplication1.cpp(27,20):
  voir la déclaration de 'num'
  
C:\Users\Pidoux\source\repos\ConsoleApplication1\ConsoleApplication1\ConsoleApplication1.cpp(51,13): error C2360: l'initialisation de 'size' est ignorée par l'étiquette 'case'
  C:\Users\Pidoux\source\repos\ConsoleApplication1\ConsoleApplication1\ConsoleApplication1.cpp(19,17):
  voir la déclaration de 'size'
  
C:\Users\Pidoux\source\repos\ConsoleApplication1\ConsoleApplication1\ConsoleApplication1.cpp(51,13): error C2360: l'initialisation de 'valeurs' est ignorée par l'étiquette 'case'
  C:\Users\Pidoux\source\repos\ConsoleApplication1\ConsoleApplication1\ConsoleApplication1.cpp(18,17):
  voir la déclaration de 'valeurs'
  
C:\Users\Pidoux\source\repos\ConsoleApplication1\ConsoleApplication1\ConsoleApplication1.cpp(51,13): error C2360: l'initialisation de 'calculatrice' est ignorée par l'étiquette 'case'
  C:\Users\Pidoux\source\repos\ConsoleApplication1\ConsoleApplication1\ConsoleApplication1.cpp(15,27):
  voir la déclaration de 'calculatrice'
  
C:\Users\Pidoux\source\repos\ConsoleApplication1\ConsoleApplication1\ConsoleApplication1.cpp(59,13): error C2361: l'initialisation de 'fichier' est ignorée par l'étiquette 'default'
  C:\Users\Pidoux\source\repos\ConsoleApplication1\ConsoleApplication1\ConsoleApplication1.cpp(52,31):
  voir la déclaration de 'fichier'
  
C:\Users\Pidoux\source\repos\ConsoleApplication1\ConsoleApplication1\ConsoleApplication1.cpp(59,13): error C2361: l'initialisation de 'moyennevector' est ignorée par l'étiquette 'default'
  C:\Users\Pidoux\source\repos\ConsoleApplication1\ConsoleApplication1\ConsoleApplication1.cpp(45,30):
  voir la déclaration de 'moyennevector'
  
C:\Users\Pidoux\source\repos\ConsoleApplication1\ConsoleApplication1\ConsoleApplication1.cpp(59,13): error C2361: l'initialisation de 'exp' est ignorée par l'étiquette 'default'
  C:\Users\Pidoux\source\repos\ConsoleApplication1\ConsoleApplication1\ConsoleApplication1.cpp(42,17):
  voir la déclaration de 'exp'
  
C:\Users\Pidoux\source\repos\ConsoleApplication1\ConsoleApplication1\ConsoleApplication1.cpp(59,13): error C2361: l'initialisation de 'base' est ignorée par l'étiquette 'default'
  C:\Users\Pidoux\source\repos\ConsoleApplication1\ConsoleApplication1\ConsoleApplication1.cpp(41,20):
  voir la déclaration de 'base'
  
C:\Users\Pidoux\source\repos\ConsoleApplication1\ConsoleApplication1\ConsoleApplication1.cpp(59,13): error C2361: l'initialisation de 'premiers' est ignorée par l'étiquette 'default'
  C:\Users\Pidoux\source\repos\ConsoleApplication1\ConsoleApplication1\ConsoleApplication1.cpp(34,30):
  voir la déclaration de 'premiers'
  
C:\Users\Pidoux\source\repos\ConsoleApplication1\ConsoleApplication1\ConsoleApplication1.cpp(59,13): error C2361: l'initialisation de 'limite' est ignorée par l'étiquette 'default'
  C:\Users\Pidoux\source\repos\ConsoleApplication1\ConsoleApplication1\ConsoleApplication1.cpp(33,17):
  voir la déclaration de 'limite'
  
C:\Users\Pidoux\source\repos\ConsoleApplication1\ConsoleApplication1\ConsoleApplication1.cpp(59,13): error C2361: l'initialisation de 'valeursfact' est ignorée par l'étiquette 'default'
  C:\Users\Pidoux\source\repos\ConsoleApplication1\ConsoleApplication1\ConsoleApplication1.cpp(30,18):
  voir la déclaration de 'valeursfact'
  
C:\Users\Pidoux\source\repos\ConsoleApplication1\ConsoleApplication1\ConsoleApplication1.cpp(59,13): error C2361: l'initialisation de 'num' est ignorée par l'étiquette 'default'
  C:\Users\Pidoux\source\repos\ConsoleApplication1\ConsoleApplication1\ConsoleApplication1.cpp(27,20):
  voir la déclaration de 'num'
  
C:\Users\Pidoux\source\repos\ConsoleApplication1\ConsoleApplication1\ConsoleApplication1.cpp(59,13): error C2361: l'initialisation de 'size' est ignorée par l'étiquette 'default'
  C:\Users\Pidoux\source\repos\ConsoleApplication1\ConsoleApplication1\ConsoleApplication1.cpp(19,17):
  voir la déclaration de 'size'
  
C:\Users\Pidoux\source\repos\ConsoleApplication1\ConsoleApplication1\ConsoleApplication1.cpp(59,13): error C2361: l'initialisation de 'valeurs' est ignorée par l'étiquette 'default'
  C:\Users\Pidoux\source\repos\ConsoleApplication1\ConsoleApplication1\ConsoleApplication1.cpp(18,17):
  voir la déclaration de 'valeurs'
  
C:\Users\Pidoux\source\repos\ConsoleApplication1\ConsoleApplication1\ConsoleApplication1.cpp(59,13): error C2361: l'initialisation de 'calculatrice' est ignorée par l'étiquette 'default'
  C:\Users\Pidoux\source\repos\ConsoleApplication1\ConsoleApplication1\ConsoleApplication1.cpp(15,27):
  voir la déclaration de 'calculatrice'
  
